Build started 4/24/2017 12:35:00 PM.
     1>Project "E:\GAME DEV\Postal 1\GUI_TEST-postal-934afd57b26a\Postal Plus.vcxproj" on node 3 (Build target(s)).
     1>C:\Program Files (x86)\MSBuild\Microsoft.Cpp\v4.0\V120\Microsoft.CppBuild.targets(363,5): warning MSB8004: Intermediate Directory does not end with a trailing slash.  This build instance will add the slash as it is required to allow proper evaluation of the Intermediate Directory.
     1>Link:
         C:\Program Files (x86)\Microsoft Visual Studio 12.0\VC\bin\link.exe /ERRORREPORT:PROMPT /OUT:".\testing\Postal.exe" /INCREMENTAL:NO /NOLOGO /LIBPATH:.\SDL2\libs\win32 /LIBPATH:.\steamworks\sdk\redistributable_bin odbc32.lib odbccp32.lib WSock32.lib WinMM.lib SDL2.lib SDL2main.lib kernel32.lib user32.lib gdi32.lib winspool.lib comdlg32.lib advapi32.lib shell32.lib ole32.lib oleaut32.lib uuid.lib odbc32.lib odbccp32.lib /NODEFAULTLIB:libc /MANIFEST /MANIFESTUAC:"level='asInvoker' uiAccess='false'" /manifest:embed /PDB:".\Build\Postal Plus\Release/Postal Plus.pdb" /SUBSYSTEM:WINDOWS /TLBID:1 /DYNAMICBASE /NXCOMPAT /IMPLIB:".\testing\Postal.lib" /MACHINE:X86 /SAFESEH ".\Build\Postal Plus\Release\Postal.res"
         ".\Build\Postal Plus\Release/aivars.obj"
         ".\Build\Postal Plus\Release/band.obj"
         ".\Build\Postal Plus\Release/credits.obj"
         ".\Build\Postal Plus\Release/game.obj"
         ".\Build\Postal Plus\Release/input.obj"
         ".\Build\Postal Plus\Release/localize.obj"
         ".\Build\Postal Plus\Release/main.obj"
         ".\Build\Postal Plus\Release/menus.obj"
         ".\Build\Postal Plus\Release/play.obj"
         ".\Build\Postal Plus\Release/SampleMaster.obj"
         ".\Build\Postal Plus\Release/title.obj"
         "E:\GAME DEV\Postal 1\GUI_TEST-postal-934afd57b26a\Build\Cyan\Release\Cyan.lib"
         "E:\GAME DEV\Postal 1\GUI_TEST-postal-934afd57b26a\Build\Blue\Release\Blue.lib"
         "E:\GAME DEV\Postal 1\GUI_TEST-postal-934afd57b26a\Build\BLiT\Release\BLiT.lib"
         "E:\GAME DEV\Postal 1\GUI_TEST-postal-934afd57b26a\Build\BLiT3D\Release\BLiT3D.lib"
         "E:\GAME DEV\Postal 1\GUI_TEST-postal-934afd57b26a\Build\Green\Release\Green.lib"
         "E:\GAME DEV\Postal 1\GUI_TEST-postal-934afd57b26a\Build\Orange\Release\Orange.lib"
         "E:\GAME DEV\Postal 1\GUI_TEST-postal-934afd57b26a\Build\WishPiX\Release\WishPiX.lib"
         "E:\GAME DEV\Postal 1\GUI_TEST-postal-934afd57b26a\Build\Postal Common\Release\Postal Common.lib"
     1>Cyan.lib(uDialog.obj) : error LNK2019: unresolved external symbol _NFD_OpenDialog referenced in function "short __cdecl rspOpenBox(char const *,char const *,char *,short,char const *)" (?rspOpenBox@@YAFPBD0PADF0@Z)
     1>Cyan.lib(uDialog.obj) : error LNK2019: unresolved external symbol _NFD_SaveDialog referenced in function "short __cdecl rspSaveBox(char const *,char const *,char *,short,char const *)" (?rspSaveBox@@YAFPBD0PADF0@Z)
     1>Cyan.lib(uDialog.obj) : error LNK2019: unresolved external symbol _NFD_GetError referenced in function "short __cdecl rspOpenBox(char const *,char const *,char *,short,char const *)" (?rspOpenBox@@YAFPBD0PADF0@Z)
     1>.\testing\Postal.exe : fatal error LNK1120: 3 unresolved externals
     1>Done Building Project "E:\GAME DEV\Postal 1\GUI_TEST-postal-934afd57b26a\Postal Plus.vcxproj" (Build target(s)) -- FAILED.

Build FAILED.

Time Elapsed 00:00:00.41
